0 info it worked if it ends with ok
1 verbose cli [ '/usr/bin/node', '/usr/bin/npm', 'run', 'dev' ]
2 info using npm@1.4.9
3 info using node@v0.10.28
4 verbose node symlink /usr/bin/node
5 verbose run-script [ 'predev', 'dev', 'postdev' ]
6 info predev austin-sustainability@0.0.0
7 info dev austin-sustainability@0.0.0
8 verbose unsafe-perm in lifecycle true
9 info austin-sustainability@0.0.0 Failed to exec dev script
10 error austin-sustainability@0.0.0 dev: `brunch watch --server`
10 error Exit status 8
11 error Failed at the austin-sustainability@0.0.0 dev script.
11 error This is most likely a problem with the austin-sustainability package,
11 error not with npm itself.
11 error Tell the author that this fails on your system:
11 error     brunch watch --server
11 error You can get their info via:
11 error     npm owner ls austin-sustainability
11 error There is likely additional logging output above.
12 error System Linux 3.13.0-24-generic
13 error command "/usr/bin/node" "/usr/bin/npm" "run" "dev"
14 error cwd /home/jseppi/CODE/austin-sustainability
15 error node -v v0.10.28
16 error npm -v 1.4.9
17 error code ELIFECYCLE
18 verbose exit [ 1, true ]
